{
  "stats": {
    "suites": 1,
    "tests": 1,
    "passes": 0,
    "pending": 0,
    "failures": 1,
    "start": "2023-11-24T13:48:37.863Z",
    "end": "2023-11-24T13:48:42.044Z",
    "duration": 4181,
    "testsRegistered": 1,
    "passPercent": 0,
    "pendingPercent": 0,
    "other": 0,
    "hasOther": false,
    "skipped": 0,
    "hasSkipped": false
  },
  "results": [
    {
      "uuid": "d3d39aca-7610-4d3e-a4df-103b0a345fd3",
      "title": "",
      "fullFile": "cypress\\e2e\\MyTests\\WoWPOMTests\\Offers\\offersWoW.cy.js",
      "file": "cypress\\e2e\\MyTests\\WoWPOMTests\\Offers\\offersWoW.cy.js",
      "beforeHooks": [],
      "afterHooks": [],
      "tests": [],
      "suites": [
        {
          "uuid": "9318774b-1dfb-41df-8621-1ff27f72152f",
          "title": "offers-WoW",
          "fullFile": "",
          "file": "",
          "beforeHooks": [],
          "afterHooks": [],
          "tests": [
            {
              "title": "offers",
              "fullTitle": "offers-WoW offers",
              "timedOut": null,
              "duration": 4126,
              "state": "failed",
              "speed": null,
              "pass": false,
              "fail": true,
              "pending": false,
              "context": "{\n  \"title\": \"cypress-mochawesome-reporter-screenshots\",\n  \"value\": [\n    [\n      \"\\\\WoWPOMTests\\\\Offers\\\\offersWoW.cy.js\\\\offers-WoW -- offers (failed).png\"\n    ]\n  ]\n}",
              "code": "cy.get(\"a[href='https://careers.blizzard.com/']\", {\n  includeShadowDom: true\n}).scrollIntoView({\n  duration: 4000\n}).click();\ncy.get('.close > .icon').click();\nfunction setCookieWoW() {\n  cy.setCookie('muc_ads', 'a538eb9c-6c4b-488c-8380-1e94f51ab9a8', {\n    domain: '.t.co'\n  });\n  cy.setCookie('personalization_id', '\"v1_Pk9bt7DlHKpy3uhuNaF5Mw==\"', {\n    domain: '.twitter.com'\n  });\n  cy.setCookie('_ga_HM5PSBP4JR', 'GS1.3.1700738588.2.1.1700739813.0.0.0', {\n    domain: '.careers.blizzard.com'\n  });\n  cy.setCookie('OptanonConsent', 'isGpcEnabled=0&datestamp=Thu+Nov+23+2023+14%3A23%3A35+GMT%2B0300+(%D0%9C%D0%BE%D1%81%D0%BA%D0%B2%D0%B0%2C+%D1%81%D1%82%D0%B0%D0%BD%D0%B4%D0%B0%D1%80%D1%82%D0%BD%D0%BE%D0%B5+%D0%B2%D1%80%D0%B5%D0%BC%D1%8F)&version=202302.1.0&isIABGlobal=false&hosts=&landingPath=NotLandingPage&groups=1%3A1%2C2%3A1%2C3%3A1%2C4%3A1%2C8%3A1&AwaitingReconsent=false', {\n    domain: '.blizzard.com'\n  });\n  cy.setCookie('_gid', 'GA1.3.694373649.1700738588', {\n    domain: '.careers.blizzard.com'\n  });\n  cy.setCookie('in_ref', 'https%3A%2F%2Fworldofwarcraft.blizzard.com%2Fru-ru%2F', {\n    domain: 'careers.blizzard.com'\n  });\n  cy.setCookie('PHPPPE_ACT', '62106abf-d1b8-4fac-8aa8-09e5138b1410', {\n    domain: 'careers.blizzard.com'\n  });\n  cy.setCookie('PHPPPE_GCC', 'a', {\n    domain: 'careers.blizzard.com'\n  });\n  cy.setCookie('_fbp', 'fb.1.1700465199511.1010483012', {\n    domain: '.blizzard.com'\n  });\n  cy.setCookie('VISITED_LANG', 'en', {\n    domain: 'careers.blizzard.com'\n  });\n  cy.setCookie('PLAY_SESSION', 'eyJhbGciOiJIUzI1NiJ9.eyJkYXRhIjp7IkpTRVNTSU9OSUQiOiI2MjEwNmFiZi1kMWI4LTRmYWMtOGFhOC0wOWU1MTM4YjE0MTAifSwibmJmIjoxNzAwNzM4NTg1LCJpYXQiOjE3MDA3Mzg1ODV9.Vk5mi7QjwIlKYyh6oXXg0KWwQsbcfbMORY76EEfKWx0', {\n    domain: 'careers.blizzard.com'\n  });\n  cy.setCookie('PHPPPE_CVD', 'a', {\n    domain: 'careers.blizzard.com'\n  });\n  cy.setCookie('_ga', 'GA1.3.599863706.1700465199', {\n    domain: '.careers.blizzard.com'\n  });\n  cy.setCookie('ext_trk', 'pjid%3D62106abf-d1b8-4fac-8aa8-09e5138b1410&uid%3D18beb9fc93bbe6-1fa400-e4b5-18beb9fc93c10e9&p_in_ref%3Dhttps://worldofwarcraft.blizzard.com/ru-ru/&p_lang%3Den_global&refNum%3DBLENGLOBAL', {\n    domain: 'careers.blizzard.com'\n  });\n  cy.setCookie('Per_UniqueID', '18beb9fc93bbe6-1fa400-e4b5-18beb9fc93c10e9', {\n    domain: 'careers.blizzard.com'\n  });\n  cy.setCookie('VISITED_COUNTRY', 'global', {\n    domain: 'careers.blizzard.com'\n  });\n}\n;\ncy.get('.ph-line-height-1_2 > font > span').scrollIntoView({\n  duration: 4000\n}).click();\ncy.get('[key-role=\"8uZ0jk-gdpr-cardListItemRole\"] > .ph-media-cc-view1 > .ph-cc-d-m-b-0 > .link > .action-link > ppc-content').scrollIntoView({\n  duration: 4000\n});\ncy.get(\"a[aria-label='Software Testing Engineer Job Id is R021581'] span\").click();\ncy.get('.bottom-jobaction > .btn > ppc-content').scrollIntoView({\n  duration: 4000\n});\nconst ow = new _offersWoWTest.default();\now.openOffers();\now.clickClose();\now.cookieSet(setCookieWoW);\now.chooseRole();\now.scrollToOffer();\now.clickOnVacation();\now.lookOnVacation();",
              "err": {
                "message": "AssertionError: Timed out retrying after 4000ms: Expected to find element: `a[href='https://careers.blizzard.com/']`, but never found it.",
                "estack": "AssertionError: Timed out retrying after 4000ms: Expected to find element: `a[href='https://careers.blizzard.com/']`, but never found it.\n    at Context.eval (webpack://automation-cypress-tests/./cypress/e2e/MyTests/WoWPOMTests/Offers/offersWoW.cy.js:4:11)",
                "diff": null
              },
              "uuid": "cc4ae51a-6562-49ea-9216-160194232604",
              "parentUUID": "9318774b-1dfb-41df-8621-1ff27f72152f",
              "isHook": false,
              "skipped": false
            }
          ],
          "suites": [],
          "passes": [],
          "failures": [
            "cc4ae51a-6562-49ea-9216-160194232604"
          ],
          "pending": [],
          "skipped": [],
          "duration": 4126,
          "root": false,
          "rootEmpty": false,
          "_timeout": 2000
        }
      ],
      "passes": [],
      "failures": [],
      "pending": [],
      "skipped": [],
      "duration": 0,
      "root": true,
      "rootEmpty": true,
      "_timeout": 2000
    }
  ],
  "meta": {
    "mocha": {
      "version": "7.0.1"
    },
    "mochawesome": {
      "options": {
        "quiet": false,
        "reportFilename": "mochawesome",
        "saveHtml": true,
        "saveJson": true,
        "consoleReporter": "spec",
        "useInlineDiffs": false,
        "code": true
      },
      "version": "7.1.3"
    },
    "marge": {
      "options": null,
      "version": "6.2.0"
    }
  }
}